SF:lib\src\core\failures\failures.dart
DA:6,9
DA:8,0
DA:9,0
DA:13,5
DA:17,1
DA:21,1
DA:25,3
LF:7
LH:5
end_of_record
SF:lib\src\modules\authentication\interactor\atoms\authentication_atom.dart
DA:6,3
DA:7,1
DA:11,3
DA:12,1
DA:17,3
DA:21,3
LF:6
LH:6
end_of_record
SF:lib\src\modules\authentication\interactor\dtos\credential_dto.dart
DA:5,2
DA:10,1
LF:2
LH:2
end_of_record
SF:lib\src\modules\authentication\interactor\entities\tokenization_entity.dart
DA:7,4
DA:12,2
DA:13,6
LF:3
LH:3
end_of_record
SF:lib\src\modules\authentication\interactor\reducers\authentication_reducer.dart
DA:10,1
DA:13,5
DA:14,5
DA:15,5
DA:18,1
DA:20,4
DA:22,3
DA:23,1
DA:24,1
DA:26,1
DA:27,1
DA:29,1
DA:30,2
DA:35,1
DA:36,3
DA:38,2
DA:39,3
DA:40,1
DA:41,2
DA:45,3
DA:46,1
DA:47,1
DA:49,1
DA:50,0
DA:52,1
DA:53,2
DA:58,1
DA:59,3
DA:60,3
DA:61,1
LF:30
LH:29
end_of_record
SF:lib\src\modules\authentication\interactor\states\authentication_state.dart
DA:5,1
DA:6,1
DA:16,2
DA:18,1
DA:19,2
DA:27,2
DA:29,1
DA:30,2
LF:8
LH:8
end_of_record
SF:lib\generated\intl\messages_all.dart
DA:22,0
DA:23,0
DA:26,0
DA:28,0
DA:29,0
DA:36,0
DA:37,0
DA:38,0
DA:39,0
DA:41,0
DA:43,0
DA:44,0
DA:45,0
DA:46,0
DA:47,0
DA:50,0
DA:52,0
DA:58,0
DA:60,0
DA:62,0
LF:20
LH:0
end_of_record
SF:lib\generated\intl\messages_en.dart
DA:16,0
DA:21,0
DA:23,0
DA:25,0
DA:28,0
DA:29,0
DA:30,0
DA:32,0
DA:34,0
DA:36,0
DA:37,0
DA:40,0
DA:42,0
DA:43,0
DA:44,0
DA:45,0
DA:47,0
DA:49,0
DA:50,0
DA:52,0
DA:54,0
DA:56,0
DA:59,0
DA:60,0
DA:62,0
DA:64,0
DA:65,0
DA:67,0
DA:68,0
DA:69,0
DA:71,0
DA:72,0
DA:74,0
DA:75,0
DA:77,0
DA:78,0
DA:79,0
DA:80,0
DA:83,0
LF:39
LH:0
end_of_record
SF:lib\generated\l10n.dart
DA:16,2
DA:20,0
DA:21,0
DA:28,0
DA:29,0
DA:30,0
DA:31,0
DA:32,0
DA:33,0
DA:34,0
DA:35,0
DA:42,0
DA:43,0
DA:44,0
DA:49,0
DA:50,0
DA:54,0
DA:55,0
DA:59,0
DA:64,0
DA:65,0
DA:69,0
DA:74,0
DA:75,0
DA:79,0
DA:84,0
DA:85,0
DA:89,0
DA:94,0
DA:95,0
DA:99,0
DA:104,1
DA:105,1
DA:109,1
DA:114,0
DA:115,0
DA:119,0
DA:124,0
DA:125,0
DA:129,0
DA:134,0
DA:135,0
DA:139,0
DA:144,0
DA:145,0
DA:149,0
DA:154,0
DA:155,0
DA:159,0
DA:164,0
DA:165,0
DA:169,0
DA:174,0
DA:175,0
DA:179,0
DA:184,0
DA:185,0
DA:189,0
DA:194,0
DA:195,0
DA:199,0
DA:204,0
DA:205,0
DA:209,0
DA:214,0
DA:215,0
DA:219,0
DA:224,0
DA:225,0
DA:229,0
DA:234,0
DA:235,0
DA:239,0
DA:244,0
DA:245,0
DA:249,0
DA:254,0
DA:255,0
DA:259,0
DA:264,0
DA:265,0
DA:269,0
DA:274,0
DA:275,0
DA:276,0
DA:279,0
DA:284,0
DA:285,0
DA:289,0
DA:294,0
DA:295,0
DA:299,0
DA:304,1
DA:305,1
DA:309,1
DA:314,0
DA:315,0
DA:319,0
DA:324,0
DA:325,0
DA:326,0
DA:329,0
DA:334,0
DA:335,0
DA:339,0
DA:344,0
DA:345,0
DA:349,0
DA:354,0
DA:355,0
DA:359,0
DA:364,0
DA:365,0
DA:369,0
DA:374,0
DA:375,0
DA:379,0
DA:384,0
DA:385,0
DA:389,0
DA:394,0
DA:395,0
DA:399,0
DA:404,0
DA:405,0
DA:409,0
DA:415,21
DA:417,0
DA:423,0
DA:424,0
DA:425,0
DA:426,0
DA:427,0
DA:430,0
DA:431,0
DA:432,0
LF:136
LH:8
end_of_record
SF:lib\src\modules\authentication\data\services\firebase_authentication_service.dart
DA:11,1
DA:14,1
DA:17,3
DA:19,1
DA:20,1
DA:22,1
DA:23,0
DA:25,3
DA:29,1
DA:34,2
DA:35,1
DA:36,1
DA:39,1
DA:40,1
DA:41,0
DA:43,3
DA:47,1
DA:50,2
DA:53,1
DA:54,0
DA:56,3
LF:21
LH:18
end_of_record
SF:lib\src\core\utils\enums\database_result_enum.dart
DA:11,1
DA:12,1
DA:13,3
DA:14,0
LF:4
LH:3
end_of_record
SF:lib\src\modules\pokemon\core\data\services\pokemon_service.dart
DA:15,1
DA:19,1
DA:22,2
DA:23,1
DA:26,5
DA:28,3
DA:32,1
DA:36,2
DA:37,1
DA:38,2
DA:41,3
DA:43,3
DA:47,1
DA:51,2
DA:53,1
DA:54,1
DA:57,3
DA:59,3
LF:18
LH:18
end_of_record
SF:lib\src\modules\pokemon\core\interactor\dtos\insert_local_pokemon_dto.dart
DA:5,2
DA:10,1
DA:11,1
DA:12,1
DA:13,1
LF:5
LH:5
end_of_record
SF:lib\src\modules\pokemon\core\interactor\dtos\remove_local_pokemon_dto.dart
DA:4,2
LF:1
LH:1
end_of_record
SF:lib\src\modules\pokemon\core\interactor\entities\pokemon_entity.dart
DA:7,21
DA:12,5
DA:13,5
DA:14,5
DA:15,5
DA:19,1
DA:20,1
DA:21,1
DA:22,1
LF:9
LH:9
end_of_record
SF:lib\src\modules\pokemon\modules\details\interactor\entities\evolution_chain_entity.dart
DA:9,17
DA:14,2
DA:15,2
DA:16,2
DA:17,4
DA:18,4
DA:19,6
DA:20,2
DA:24,1
DA:25,1
DA:26,1
DA:27,1
LF:12
LH:12
end_of_record
SF:lib\src\modules\pokemon\modules\details\interactor\entities\evolves_specie_entity.dart
DA:7,22
DA:12,4
DA:13,4
DA:14,4
DA:15,4
DA:19,2
DA:20,2
DA:21,2
DA:22,2
LF:9
LH:9
end_of_record
SF:lib\src\modules\pokemon\modules\details\interactor\entities\pokemon_details_entity.dart
DA:16,18
DA:28,2
DA:29,2
DA:30,2
DA:31,2
DA:32,2
DA:33,2
DA:34,2
DA:35,2
DA:36,2
DA:37,4
DA:39,2
DA:40,2
DA:41,2
DA:42,4
DA:44,2
DA:45,8
DA:46,8
DA:50,1
DA:51,1
DA:52,1
DA:53,1
DA:54,1
DA:55,1
DA:56,1
DA:57,1
DA:58,1
DA:59,1
DA:60,1
LF:29
LH:29
end_of_record
SF:lib\src\modules\pokemon\modules\pokemons\interactor\entites\paginate_pokemon_entity.dart
DA:10,19
DA:17,3
DA:18,3
DA:19,3
DA:20,3
DA:21,3
DA:22,3
DA:23,3
DA:24,6
DA:26,3
DA:30,1
DA:31,1
DA:32,1
DA:33,1
DA:34,1
DA:35,1
LF:16
LH:16
end_of_record
SF:lib\src\modules\pokemon\modules\details\interactor\entities\evolves_to_entity.dart
DA:10,5
DA:17,3
DA:18,3
DA:19,9
DA:20,12
DA:21,3
DA:22,3
DA:24,3
DA:25,9
DA:26,3
DA:30,1
DA:31,1
DA:32,1
DA:33,1
DA:34,1
LF:15
LH:15
end_of_record
SF:lib\src\modules\pokemon\modules\details\interactor\entities\pokemon_stat_entity.dart
DA:9,4
DA:16,3
DA:17,3
DA:18,3
DA:19,3
DA:20,6
DA:21,6
DA:25,1
DA:26,1
DA:27,1
DA:28,1
DA:29,1
DA:30,1
LF:13
LH:13
end_of_record
SF:lib\src\modules\pokemon\modules\details\interactor\entities\pokemon_type_entity.dart
DA:7,4
DA:12,3
DA:13,3
DA:14,6
DA:15,6
DA:19,1
DA:20,1
DA:21,1
DA:22,1
LF:9
LH:9
end_of_record
SF:lib\src\modules\pokemon\core\interactor\atoms\pokemon_atom.dart
DA:6,3
DA:7,1
DA:11,3
DA:13,3
DA:18,3
LF:5
LH:5
end_of_record
SF:lib\src\modules\pokemon\core\interactor\reducers\pokemon_reducer.dart
DA:9,1
DA:12,5
DA:13,5
DA:14,5
DA:17,1
DA:18,2
DA:21,2
DA:22,1
DA:26,1
DA:27,2
DA:30,2
DA:31,1
DA:35,1
DA:36,2
DA:37,1
DA:39,2
LF:16
LH:16
end_of_record
SF:lib\src\modules\pokemon\modules\details\data\services\pokemon_details_service.dart
DA:15,1
DA:18,1
DA:23,4
DA:25,2
DA:26,1
DA:27,1
DA:29,3
DA:33,1
DA:38,4
DA:40,2
DA:41,1
DA:42,1
DA:44,3
DA:48,1
DA:53,4
DA:55,2
DA:57,2
DA:58,1
DA:59,1
DA:61,3
LF:20
LH:20
end_of_record
SF:lib\src\modules\pokemon\modules\details\interactor\dtos\get_evolution_chain_dto.dart
DA:4,2
LF:1
LH:1
end_of_record
SF:lib\src\modules\pokemon\modules\details\interactor\dtos\get_pokemon_details_dto.dart
DA:4,2
DA:6,1
DA:7,1
LF:3
LH:3
end_of_record
SF:lib\src\modules\pokemon\modules\details\interactor\dtos\get_pokemon_evolution_chain_dto.dart
DA:4,2
LF:1
LH:1
end_of_record
SF:lib\src\core\utils\utils.dart
DA:2,1
DA:3,4
DA:8,0
DA:9,0
LF:4
LH:2
end_of_record
SF:lib\src\modules\pokemon\modules\details\interactor\atoms\pokemon_details_atom.dart
DA:5,3
DA:7,1
DA:10,3
DA:12,1
LF:4
LH:4
end_of_record
SF:lib\src\modules\pokemon\modules\details\interactor\reducers\pokemon_details_reducer.dart
DA:13,1
DA:16,5
DA:19,1
DA:20,3
DA:22,2
DA:24,3
DA:25,1
DA:27,0
DA:28,2
DA:32,3
DA:33,1
DA:34,2
DA:36,1
DA:38,2
DA:39,2
DA:42,1
DA:43,1
DA:44,2
DA:46,1
DA:48,2
DA:49,1
DA:52,2
DA:53,2
DA:54,1
DA:55,3
LF:25
LH:24
end_of_record
SF:lib\src\modules\pokemon\modules\details\interactor\states\pokemon_details_state.dart
DA:6,1
DA:7,1
DA:15,2
DA:17,1
DA:18,2
DA:25,2
DA:30,1
DA:31,3
LF:8
LH:8
end_of_record
SF:lib\src\modules\pokemon\modules\pokemons\data\services\pokemons_service.dart
DA:11,1
DA:15,1
DA:19,2
DA:21,1
DA:24,2
DA:25,1
DA:26,1
DA:28,3
LF:8
LH:8
end_of_record
SF:lib\src\modules\pokemon\modules\pokemons\interactor\dtos\get_pokemons_dto.dart
DA:6,4
DA:12,2
DA:13,2
DA:14,4
DA:15,4
DA:16,6
DA:20,1
DA:25,1
DA:26,1
DA:27,0
DA:28,1
LF:11
LH:10
end_of_record
SF:lib\src\modules\pokemon\modules\pokemons\interactor\atoms\pokemons_atom.dart
DA:7,3
DA:8,1
DA:9,1
DA:10,1
LF:4
LH:4
end_of_record
SF:lib\src\modules\pokemon\modules\pokemons\interactor\reducers\pokemons_reducer.dart
DA:8,1
DA:11,5
DA:14,1
DA:15,2
DA:17,4
DA:18,1
DA:19,2
DA:21,1
DA:22,1
DA:23,3
DA:25,1
DA:28,4
DA:29,3
DA:31,2
LF:14
LH:14
end_of_record
SF:lib\src\modules\pokemon\modules\pokemons\interactor\states\pokemons_state.dart
DA:12,2
DA:18,1
DA:19,1
DA:20,1
DA:21,1
DA:22,1
LF:6
LH:6
end_of_record
